#
# A fatal error has been detected by the Java Runtime Environment:
#
#  EXCEPTION_ACCESS_VIOLATION (0xc0000005) at pc=0x000000007110b5db, pid=2052, tid=16440
#
# JRE version: Java(TM) SE Runtime Environment (17.0.10+11) (build 17.0.10+11-LTS-240)
# Java VM: Java HotSpot(TM) 64-Bit Server VM (17.0.10+11-LTS-240, mixed mode, sharing, tiered, compressed oops, compressed class ptrs, g1 gc, windows-amd64)
# Problematic frame:
# C  [jSSC-2.8_x86_64.dll+0xb5db]
#
# No core dump will be written. Minidumps are not enabled by default on client versions of Windows
#
# If you would like to submit a bug report, please visit:
#   https://bugreport.java.com/bugreport/crash.jsp
# The crash happened outside the Java Virtual Machine in native code.
# See problematic frame for where to report the bug.
#

---------------  S U M M A R Y ------------

Command Line: -javaagent:C:\Program Files\JetBrains\IntelliJ IDEA Community Edition 2023.3.2\lib\idea_rt.jar=56595:C:\Program Files\JetBrains\IntelliJ IDEA Community Edition 2023.3.2\bin -Dfile.encoding=UTF-8 --module-path=C:\Users\Dmitry\.m2\repository\org\openjfx\javafx-graphics\17.0.6\javafx-graphics-17.0.6-win.jar;C:\Users\Dmitry\.m2\repository\org\openjfx\javafx-media\17.0.6\javafx-media-17.0.6-win.jar;C:\Users\Dmitry\.m2\repository\org\openjfx\javafx-fxml\17.0.6\javafx-fxml-17.0.6-win.jar;C:\Users\Dmitry\.m2\repository\org\scream3r\jssc\2.8.0\jssc-2.8.0.jar;C:\Users\Dmitry\.m2\repository\org\openjfx\javafx-base\17.0.6\javafx-base-17.0.6-win.jar;I:\DimaWorkSpace\ModbusRtuSnifer\ModbusRtuSnifer\target\classes;C:\Users\Dmitry\.m2\repository\net\synedra\validatorfx\0.4.0\validatorfx-0.4.0.jar;C:\Users\Dmitry\.m2\repository\org\openjfx\javafx-controls\17.0.6\javafx-controls-17.0.6-win.jar;C:\Users\Dmitry\.m2\repository\eu\hansolo\tilesfx\11.48\tilesfx-11.48.jar;C:\Users\Dmitry\.m2\repository\org\kordamp\ikonli\ikonli-core\12.3.1\ikonli-core-12.3.1.jar;C:\Users\Dmitry\.m2\repository\org\kordamp\bootstrapfx\bootstrapfx-core\0.4.0\bootstrapfx-core-0.4.0.jar;C:\Users\Dmitry\.m2\repository\org\openjfx\javafx-web\17.0.6\javafx-web-17.0.6-win.jar;C:\Users\Dmitry\.m2\repository\com\dlsc\formsfx\formsfx-core\11.6.0\formsfx-core-11.6.0.jar;C:\Users\Dmitry\.m2\repository\org\controlsfx\controlsfx\11.1.2\controlsfx-11.1.2.jar;C:\Users\Dmitry\.m2\repository\io\github\flyingdew\jlibmodbus\1.2.9.7\jlibmodbus-1.2.9.7.jar;C:\Users\Dmitry\.m2\repository\org\kordamp\ikonli\ikonli-javafx\12.3.1\ikonli-javafx-12.3.1.jar -Djdk.module.main=org.dgg.modbusrtusnifer org.dgg.modbusrtusnifer/org.dgg.modbusrtusnifer.HelloApplication

Host: AMD Ryzen 5 2600 Six-Core Processor            , 12 cores, 31G,  Windows 10 , 64 bit Build 19041 (10.0.19041.3570)
Time: Wed Mar 20 13:58:17 2024 RTZ 2 (s 10 , 64 bit Build 19041 (10.0.19041.3570) elapsed time: 0.624527 seconds (0d 0h 0m 0s)

---------------  T H R E A D  ---------------

Current thread (0x00000295da758270):  JavaThread "Thread-1" [_thread_in_native, id=16440, stack(0x000000b2dd100000,0x000000b2dd200000)]

Stack: [0x000000b2dd100000,0x000000b2dd200000],  sp=0x000000b2dd1ff340,  free space=1020k
Native frames: (J=compiled Java code, j=interpreted, Vv=VM code, C=native code)
C  [jSSC-2.8_x86_64.dll+0xb5db]

Java frames: (J=compiled Java code, j=interpreted, Vv=VM code)
j  jssc.SerialNativeInterface.openPort(Ljava/lang/String;Z)J+0 jssc@2.8.0
j  jssc.SerialPort.openPort()Z+65 jssc@2.8.0
j  Mbus.Mbus.serialInitialze()V+37 org.dgg.modbusrtusnifer
j  org.dgg.modbusrtusnifer.HelloApplication.lambda$main$0()V+0 org.dgg.modbusrtusnifer
j  org.dgg.modbusrtusnifer.HelloApplication$$Lambda$124+0x0000029591085c80.run()V+0 org.dgg.modbusrtusnifer
j  java.lang.Thread.run()V+11 java.base@17.0.10
v  ~StubRoutines::call_stub

siginfo: EXCEPTION_ACCESS_VIOLATION (0xc0000005), reading address 0xffffffffd83143b5


Registers:
RAX=0xffffffffd83143b5, RBX=0x000000b2dd1ff3b0, RCX=0x00007ffa4d20d1c4, RDX=0x0000000000000000
RSP=0x000000b2dd1ff340, RBP=0x000000b2dd1ff4c0, RSI=0x00000295da758520, RDI=0x0000000000000a90
R8 =0x000000b2dd1ff238, R9 =0x000000b2dd1ff330, R10=0x0000000000000000, R11=0x0000000000000246
R12=0x000000b2dd1ff578, R13=0x00000295d1c1e5a0, R14=0x000000b2dd1ff470, R15=0x00000295da758270
RIP=0x000000007110b5db, EFLAGS=0x0000000000010206


Register to memory mapping:

RIP=0x000000007110b5db jSSC-2.8_x86_64.dll
RAX=0xffffffffd83143b5 is an unknown value
RBX=0x000000b2dd1ff3b0 is pointing into the stack for thread: 0x00000295da758270
RCX=0x00007ffa4d20d1c4 ntdll.dll
RDX=0x0 is NULL
RSP=0x000000b2dd1ff340 is pointing into the stack for thread: 0x00000295da758270
RBP=0x000000b2dd1ff4c0 is pointing into the stack for thread: 0x00000295da758270
RSI=0x00000295da758520 points into unknown readable memory: 0x00007ff9e1e62670 | 70 26 e6 e1 f9 7f 00 00
RDI=0x0000000000000a90 is an unknown value
R8 =0x000000b2dd1ff238 is pointing into the stack for thread: 0x00000295da758270
R9 =0x000000b2dd1ff330 is pointing into the stack for thread: 0x00000295da758270
R10=0x0 is NULL
R11=0x0000000000000246 is an unknown value
R12=0x000000b2dd1ff578 is pointing into the stack for thread: 0x00000295da758270
R13=0x00000295d1c1e5a0 points into unknown readable memory: 0x00000000fffffffe | fe ff ff ff 00 00 00 00
R14=0x000000b2dd1ff470 is pointing into the stack for thread: 0x00000295da758270
R15=0x00000295da758270 is a thread


Top of Stack: (sp=0x000000b2dd1ff340)
0x000000b2dd1ff340:   00000295da7c9e60 00000295d1c1e3c0
0x000000b2dd1ff350:   000000007110b230 00000295dd2b0000
0x000000b2dd1ff360:   00000295dd210000 0000000000000004
0x000000b2dd1ff370:   00000295da758520 0000000000000a90
0x000000b2dd1ff380:   000000b2dd1ff4c0 0000000071112590
0x000000b2dd1ff390:   00000295da758270 000000b2dd1ff470
0x000000b2dd1ff3a0:   00000295d1c1e5a0 000000b2dd1ff578
0x000000b2dd1ff3b0:   00000295d1c1e5a0 00007ffa4d1947b1
0x000000b2dd1ff3c0:   000000b2dd1ff3f0 00000295dd2b0000
0x000000b2dd1ff3d0:   000000b2dd1ff4c0 0000000000000000
0x000000b2dd1ff3e0:   0000000071113500 0000000071113be8
0x000000b2dd1ff3f0:   000000b2dd1ff420 0000000071112641
0x000000b2dd1ff400:   000000b2dd1ff390 00000295da758520
0x000000b2dd1ff410:   0000000000000000 0000000000000000
0x000000b2dd1ff420:   000000b2dd1ff4c0 0000000071101595
0x000000b2dd1ff430:   000000000000001c 0000029500000000 

Instructions: (pc=0x000000007110b5db)
0x000000007110b4db:   48 85 c0 74 bf 44 8b 03 45 85 c0 0f 84 77 ff ff
0x000000007110b4eb:   ff eb 9f 66 90 e8 8b fe ff ff 48 89 05 0c 34 01
0x000000007110b4fb:   00 eb ad 66 90 e8 7b fe ff ff 48 89 05 fc 33 01
0x000000007110b50b:   00 eb 8b e8 8d fe ff ff c7 03 01 00 00 00 e9 6f
0x000000007110b51b:   ff ff ff 66 90 55 48 89 e5 56 53 48 83 ec 20 48
0x000000007110b52b:   8b 05 d7 33 01 00 48 8b 31 48 89 cb 48 85 c0 74
0x000000007110b53b:   56 44 8b 18 45 85 db 78 42 48 8b 05 bd 33 01 00
0x000000007110b54b:   48 85 c0 74 50 44 8b 10 45 85 d2 74 1d 48 89 f1
0x000000007110b55b:   e8 d0 fd ff ff 48 8b 13 48 8d 42 40 48 8b 48 08
0x000000007110b56b:   48 8b 6a 40 48 8b 60 10 ff e1 48 8b 05 9c 33 01
0x000000007110b57b:   00 48 85 c0 74 2d 48 89 30 eb da e8 b5 fe ff ff
0x000000007110b58b:   0f 1f 44 00 00 eb b2 e8 e9 fd ff ff 48 89 05 6a
0x000000007110b59b:   33 01 00 eb 9c e8 db fd ff ff 48 89 05 5c 33 01
0x000000007110b5ab:   00 eb a2 e8 3d fd ff ff 48 89 05 5e 33 01 00 eb
0x000000007110b5bb:   c5 0f 1f 40 00 55 57 56 53 48 83 ec 28 48 8b 05
0x000000007110b5cb:   39 33 01 00 48 89 cb 48 85 c0 0f 84 c5 00 00 00
0x000000007110b5db:   8b 38 85 ff 0f 88 ab 00 00 00 48 8b 05 1c 33 01
0x000000007110b5eb:   00 48 85 c0 0f 84 bc 00 00 00 8b 30 85 f6 74 57
0x000000007110b5fb:   48 8b 05 0e 33 01 00 48 85 c0 0f 84 e5 00 00 00
0x000000007110b60b:   8b 28 48 8b 35 10 5e 01 00 ff d6 89 c7 89 e9 ff
0x000000007110b61b:   15 f4 5e 01 00 89 f9 48 89 c5 ff 15 b9 5e 01 00
0x000000007110b62b:   48 8b 05 de 32 01 00 48 89 2b 48 85 c0 74 46 48
0x000000007110b63b:   89 da 8b 08 ff 15 d7 5e 01 00 85 c0 74 27 48 83
0x000000007110b64b:   c4 28 5b 5e 5f 5d c3 48 8b 05 bf 32 01 00 48 85
0x000000007110b65b:   c0 74 64 48 8b 10 48 89 13 48 89 18 48 83 c4 28
0x000000007110b66b:   5b 5e 5f 5d c3 48 89 f2 48 83 c4 28 5b 5e 5f 5d
0x000000007110b67b:   48 ff e2 66 90 e8 8b fc ff ff 48 89 05 84 32 01
0x000000007110b68b:   00 eb ac 66 90 e8 ab fd ff ff e9 4b ff ff ff 66
0x000000007110b69b:   0f 1f 44 00 00 e8 db fc ff ff 48 89 05 5c 32 01
0x000000007110b6ab:   00 e9 2a ff ff ff e8 ca fc ff ff 48 89 05 4b 32
0x000000007110b6bb:   01 00 e9 33 ff ff ff e8 29 fc ff ff 48 89 05 4a
0x000000007110b6cb:   32 01 00 48 8b 10 48 85 c0 48 89 13 75 8b e8 12 


Stack slot to memory mapping:
stack at sp + 0 slots: 0x00000295da7c9e60 points into unknown readable memory: 0x005c002e005c005c | 5c 00 5c 00 2e 00 5c 00
stack at sp + 1 slots: 0x00000295d1c1e3c0 points into unknown readable memory: 0x00000295d1c1d860 | 60 d8 c1 d1 95 02 00 00
stack at sp + 2 slots: 0x000000007110b230 jSSC-2.8_x86_64.dll
stack at sp + 3 slots: 0x00000295dd2b0000 points into unknown readable memory: 0x0000000000000000 | 00 00 00 00 00 00 00 00
stack at sp + 4 slots: 0x00000295dd210000 points into unknown readable memory: 0x0000000000000000 | 00 00 00 00 00 00 00 00
stack at sp + 5 slots: 0x0000000000000004 is an unknown value
stack at sp + 6 slots: 0x00000295da758520 points into unknown readable memory: 0x00007ff9e1e62670 | 70 26 e6 e1 f9 7f 00 00
stack at sp + 7 slots: 0x0000000000000a90 is an unknown value


---------------  P R O C E S S  ---------------

Threads class SMR info:
_java_thread_list=0x00000295da7772e0, length=19, elements={
0x00000295df4c52e0, 0x00000295d1012ed0, 0x00000295d1015c70, 0x00000295d1028690,
0x00000295d102af70, 0x00000295d102b840, 0x00000295d102c110, 0x00000295d102cdc0,
0x00000295d102f790, 0x00000295d103b9b0, 0x00000295d1148f30, 0x00000295d179ed50,
0x00000295d179f230, 0x00000295d1798270, 0x00000295d1c29bf0, 0x00000295d1c47d70,
0x00000295da758270, 0x00000295da764ec0, 0x00000295da78ee40
}

Java Threads: ( => current thread )
  0x00000295df4c52e0 JavaThread "main" [_thread_blocked, id=9892, stack(0x000000b2dbf00000,0x000000b2dc000000)]
  0x00000295d1012ed0 JavaThread "Reference Handler" daemon [_thread_blocked, id=17140, stack(0x000000b2dc600000,0x000000b2dc700000)]
  0x00000295d1015c70 JavaThread "Finalizer" daemon [_thread_blocked, id=12944, stack(0x000000b2dc700000,0x000000b2dc800000)]
  0x00000295d1028690 JavaThread "Signal Dispatcher" daemon [_thread_blocked, id=11452, stack(0x000000b2dc800000,0x000000b2dc900000)]
  0x00000295d102af70 JavaThread "Attach Listener" daemon [_thread_blocked, id=932, stack(0x000000b2dc900000,0x000000b2dca00000)]
  0x00000295d102b840 JavaThread "Service Thread" daemon [_thread_blocked, id=8852, stack(0x000000b2dca00000,0x000000b2dcb00000)]
  0x00000295d102c110 JavaThread "Monitor Deflation Thread" daemon [_thread_blocked, id=4024, stack(0x000000b2dcb00000,0x000000b2dcc00000)]
  0x00000295d102cdc0 JavaThread "C2 CompilerThread0" daemon [_thread_blocked, id=8268, stack(0x000000b2dcc00000,0x000000b2dcd00000)]
  0x00000295d102f790 JavaThread "C1 CompilerThread0" daemon [_thread_blocked, id=3408, stack(0x000000b2dcd00000,0x000000b2dce00000)]
  0x00000295d103b9b0 JavaThread "Sweeper thread" daemon [_thread_blocked, id=3540, stack(0x000000b2dce00000,0x000000b2dcf00000)]
  0x00000295d1148f30 JavaThread "Common-Cleaner" daemon [_thread_blocked, id=9624, stack(0x000000b2dcf00000,0x000000b2dd000000)]
  0x00000295d179ed50 JavaThread "Monitor Ctrl-Break" daemon [_thread_in_native, id=3676, stack(0x000000b2dd200000,0x000000b2dd300000)]
  0x00000295d179f230 JavaThread "Notification Thread" daemon [_thread_blocked, id=9260, stack(0x000000b2dd300000,0x000000b2dd400000)]
  0x00000295d1798270 JavaThread "QuantumRenderer-0" daemon [_thread_blocked, id=9544, stack(0x000000b2dd500000,0x000000b2dd600000)]
  0x00000295d1c29bf0 JavaThread "InvokeLaterDispatcher" daemon [_thread_blocked, id=13028, stack(0x000000b2dd800000,0x000000b2dd900000)]
  0x00000295d1c47d70 JavaThread "JavaFX Application Thread" [_thread_in_vm, id=10912, stack(0x000000b2dd900000,0x000000b2dda00000)]
=>0x00000295da758270 JavaThread "Thread-1" [_thread_in_native, id=16440, stack(0x000000b2dd100000,0x000000b2dd200000)]
  0x00000295da764ec0 JavaThread "Thread-2" daemon [_thread_in_native, id=6112, stack(0x000000b2dd000000,0x000000b2dd100000)]
  0x00000295da78ee40 JavaThread "JavaFX-Launcher" [_thread_blocked, id=13988, stack(0x000000b2de200000,0x000000b2de300000)]

Other Threads:
  0x00000295d100daf0 VMThread "VM Thread" [stack: 0x000000b2dc500000,0x000000b2dc600000] [id=15856]
  0x00000295d18f74e0 WatcherThread [stack: 0x000000b2dd400000,0x000000b2dd500000] [id=10252]
  0x00000295df5701d0 GCTaskThread "GC Thread#0" [stack: 0x000000b2dc000000,0x000000b2dc100000] [id=12388]
  0x00000295d1d0ec60 GCTaskThread "GC Thread#1" [stack: 0x000000b2de300000,0x000000b2de400000] [id=14836]
  0x00000295da7abac0 GCTaskThread "GC Thread#2" [stack: 0x000000b2de400000,0x000000b2de500000] [id=16532]
  0x00000295da7abd80 GCTaskThread "GC Thread#3" [stack: 0x000000b2de500000,0x000000b2de600000] [id=11120]
  0x00000295da7ac040 GCTaskThread "GC Thread#4" [stack: 0x000000b2de600000,0x000000b2de700000] [id=10848]
  0x00000295da7ad750 GCTaskThread "GC Thread#5" [stack: 0x000000b2de700000,0x000000b2de800000] [id=9804]
  0x00000295da7ada10 GCTaskThread "GC Thread#6" [stack: 0x000000b2de800000,0x000000b2de900000] [id=16520]
  0x00000295da7ae0e0 GCTaskThread "GC Thread#7" [stack: 0x000000b2de900000,0x000000b2dea00000] [id=9792]
  0x00000295da7ae3a0 GCTaskThread "GC Thread#8" [stack: 0x000000b2dea00000,0x000000b2deb00000] [id=13952]
  0x00000295da7a0d30 GCTaskThread "GC Thread#9" [stack: 0x000000b2deb00000,0x000000b2dec00000] [id=13592]
  0x00000295df581fc0 ConcurrentGCThread "G1 Main Marker" [stack: 0x000000b2dc100000,0x000000b2dc200000] [id=8524]
  0x00000295df583080 ConcurrentGCThread "G1 Conc#0" [stack: 0x000000b2dc200000,0x000000b2dc300000] [id=6884]
  0x00000295fbb02e50 ConcurrentGCThread "G1 Refine#0" [stack: 0x000000b2dc300000,0x000000b2dc400000] [id=14952]
  0x00000295fbb047a0 ConcurrentGCThread "G1 Service" [stack: 0x000000b2dc400000,0x000000b2dc500000] [id=13956]

Threads with active compile tasks:
C2 CompilerThread0      708 1050       4       java.util.concurrent.ConcurrentHashMap::get (162 bytes)

VM state: not at safepoint (normal execution)

VM Mutex/Monitor currently owned by a thread: None

Heap address: 0x0000000601000000, size: 8176 MB, Compressed Oops mode: Zero based, Oop shift amount: 3

CDS archive(s) mapped at: [0x0000029590000000-0x0000029590bd0000-0x0000029590bd0000), size 12386304, SharedBaseAddress: 0x0000029590000000, ArchiveRelocationMode: 1.
Compressed class space mapped at: 0x0000029591000000-0x00000295d1000000, reserved size: 1073741824
Narrow klass base: 0x0000029590000000, Narrow klass shift: 0, Narrow klass range: 0x100000000

GC Precious Log:
 CPUs: 12 total, 12 available
 Memory: 32699M
 Large Page Support: Disabled
 NUMA Support: Disabled
 Compressed Oops: Enabled (Zero based)
 Heap Region Size: 4M
 Heap Min Capacity: 8M
 Heap Initial Capacity: 512M
 Heap Max Capacity: 8176M
 Pre-touch: Disabled
 Parallel Workers: 10
 Concurrent Workers: 3
 Concurrent Refinement Workers: 10
 Periodic GC: Disabled

Heap:
 garbage-first heap   total 524288K, used 6994K [0x0000000601000000, 0x0000000800000000)
  region size 4096K, 3 young (12288K), 1 survivors (4096K)
 Metaspace       used 6968K, committed 7168K, reserved 1114112K
  class space    used 865K, committed 960K, reserved 1048576K

Heap Regions: E=young(eden), S=young(survivor), O=old, HS=humongous(starts), HC=humongous(continues), CS=collection set, F=free, OA=open archive, CA=closed archive, TAMS=top-at-mark-start (previous, next)
|   0|0x0000000601000000, 0x0000000601000000, 0x0000000601400000|  0%| F|  |TAMS 0x0000000601000000, 0x0000000601000000| Untracked 
|   1|0x0000000601400000, 0x0000000601400000, 0x0000000601800000|  0%| F|  |TAMS 0x0000000601400000, 0x0000000601400000| Untracked 
|   2|0x0000000601800000, 0x0000000601800000, 0x0000000601c00000|  0%| F|  |TAMS 0x0000000601800000, 0x0000000601800000| Untracked 
|   3|0x0000000601c00000, 0x0000000601c00000, 0x0000000602000000|  0%| F|  |TAMS 0x0000000601c00000, 0x0000000601c00000| Untracked 
|   4|0x0000000602000000, 0x0000000602000000, 0x0000000602400000|  0%| F|  |TAMS 0x0000000602000000, 0x0000000602000000| Untracked 
|   5|0x0000000602400000, 0x0000000602400000, 0x0000000602800000|  0%| F|  |TAMS 0x0000000602400000, 0x0000000602400000| Untracked 
|   6|0x0000000602800000, 0x0000000602800000, 0x0000000602c00000|  0%| F|  |TAMS 0x0000000602800000, 0x0000000602800000| Untracked 
|   7|0x0000000602c00000, 0x0000000602c00000, 0x0000000603000000|  0%| F|  |TAMS 0x0000000602c00000, 0x0000000602c00000| Untracked 
|   8|0x0000000603000000, 0x0000000603000000, 0x0000000603400000|  0%| F|  |TAMS 0x0000000603000000, 0x0000000603000000| Untracked 
|   9|0x0000000603400000, 0x0000000603400000, 0x0000000603800000|  0%| F|  |TAMS 0x0000000603400000, 0x0000000603400000| Untracked 
|  10|0x0000000603800000, 0x0000000603800000, 0x0000000603c00000|  0%| F|  |TAMS 0x0000000603800000, 0x0000000603800000| Untracked 
|  11|0x0000000603c00000, 0x0000000603c00000, 0x0000000604000000|  0%| F|  |TAMS 0x0000000603c00000, 0x0000000603c00000| Untracked 
|  12|0x0000000604000000, 0x0000000604000000, 0x0000000604400000|  0%| F|  |TAMS 0x0000000604000000, 0x0000000604000000| Untracked 
|  13|0x0000000604400000, 0x0000000604400000, 0x0000000604800000|  0%| F|  |TAMS 0x0000000604400000, 0x0000000604400000| Untracked 
|  14|0x0000000604800000, 0x0000000604800000, 0x0000000604c00000|  0%| F|  |TAMS 0x0000000604800000, 0x0000000604800000| Untracked 
|  15|0x0000000604c00000, 0x0000000604c00000, 0x0000000605000000|  0%| F|  |TAMS 0x0000000604c00000, 0x0000000604c00000| Untracked 
|  16|0x0000000605000000, 0x0000000605000000, 0x0000000605400000|  0%| F|  |TAMS 0x0000000605000000, 0x0000000605000000| Untracked 
|  17|0x0000000605400000, 0x0000000605400000, 0x0000000605800000|  0%| F|  |TAMS 0x0000000605400000, 0x0000000605400000| Untracked 
|  18|0x0000000605800000, 0x0000000605800000, 0x0000000605c00000|  0%| F|  |TAMS 0x0000000605800000, 0x0000000605800000| Untracked 
|  19|0x0000000605c00000, 0x0000000605c00000, 0x0000000606000000|  0%| F|  |TAMS 0x0000000605c00000, 0x0000000605c00000| Untracked 
|  20|0x0000000606000000, 0x0000000606000000, 0x0000000606400000|  0%| F|  |TAMS 0x0000000606000000, 0x0000000606000000| Untracked 
|  21|0x0000000606400000, 0x0000000606400000, 0x0000000606800000|  0%| F|  |TAMS 0x0000000606400000, 0x0000000606400000| Untracked 
|  22|0x0000000606800000, 0x0000000606800000, 0x0000000606c00000|  0%| F|  |TAMS 0x0000000606800000, 0x0000000606800000| Untracked 
|  23|0x0000000606c00000, 0x0000000606c00000, 0x0000000607000000|  0%| F|  |TAMS 0x0000000606c00000, 0x0000000606c00000| Untracked 
|  24|0x0000000607000000, 0x0000000607000000, 0x0000000607400000|  0%| F|  |TAMS 0x0000000607000000, 0x0000000607000000| Untracked 
|  25|0x0000000607400000, 0x0000000607400000, 0x0000000607800000|  0%| F|  |TAMS 0x0000000607400000, 0x0000000607400000| Untracked 
|  26|0x0000000607800000, 0x0000000607800000, 0x0000000607c00000|  0%| F|  |TAMS 0x0000000607800000, 0x0000000607800000| Untracked 
|  27|0x0000000607c00000, 0x0000000607c00000, 0x0000000608000000|  0%| F|  |TAMS 0x0000000607c00000, 0x0000000607c00000| Untracked 
|  28|0x0000000608000000, 0x0000000608000000, 0x0000000608400000|  0%| F|  |TAMS 0x0000000608000000, 0x0000000608000000| Untracked 
|  29|0x0000000608400000, 0x0000000608400000, 0x0000000608800000|  0%| F|  |TAMS 0x0000000608400000, 0x0000000608400000| Untracked 
|  30|0x0000000608800000, 0x0000000608800000, 0x0000000608c00000|  0%| F|  |TAMS 0x0000000608800000, 0x0000000608800000| Untracked 
|  31|0x0000000608c00000, 0x0000000608c00000, 0x0000000609000000|  0%| F|  |TAMS 0x0000000608c00000, 0x0000000608c00000| Untracked 
|  32|0x0000000609000000, 0x0000000609000000, 0x0000000609400000|  0%| F|  |TAMS 0x0000000609000000, 0x0000000609000000| Untracked 
|  33|0x0000000609400000, 0x0000000609400000, 0x0000000609800000|  0%| F|  |TAMS 0x0000000609400000, 0x0000000609400000| Untracked 
|  34|0x0000000609800000, 0x0000000609800000, 0x0000000609c00000|  0%| F|  |TAMS 0x0000000609800000, 0x0000000609800000| Untracked 
|  35|0x0000000609c00000, 0x0000000609c00000, 0x000000060a000000|  0%| F|  |TAMS 0x0000000609c00000, 0x0000000609c00000| Untracked 
|  36|0x000000060a000000, 0x000000060a000000, 0x000000060a400000|  0%| F|  |TAMS 0x000000060a000000, 0x000000060a000000| Untracked 
|  37|0x000000060a400000, 0x000000060a400000, 0x000000060a800000|  0%| F|  |TAMS 0x000000060a400000, 0x000000060a400000| Untracked 
|  38|0x000000060a800000, 0x000000060a800000, 0x000000060ac00000|  0%| F|  |TAMS 0x000000060a800000, 0x000000060a800000| Untracked 
|  39|0x000000060ac00000, 0x000000060ac00000, 0x000000060b000000|  0%| F|  |TAMS 0x000000060ac00000, 0x000000060ac00000| Untracked 
|  40|0x000000060b000000, 0x000000060b000000, 0x000000060b400000|  0%| F|  |TAMS 0x000000060b000000, 0x000000060b000000| Untracked 
|  41|0x000000060b400000, 0x000000060b400000, 0x000000060b800000|  0%| F|  |TAMS 0x000000060b400000, 0x000000060b400000| Untracked 
|  42|0x000000060b800000, 0x000000060b800000, 0x000000060bc00000|  0%| F|  |TAMS 0x000000060b800000, 0x000000060b800000| Untracked 
|  43|0x000000060bc00000, 0x000000060bc00000, 0x000000060c000000|  0%| F|  |TAMS 0x000000060bc00000, 0x000000060bc00000| Untracked 
|  44|0x000000060c000000, 0x000000060c000000, 0x000000060c400000|  0%| F|  |TAMS 0x000000060c000000, 0x000000060c000000| Untracked 
|  45|0x000000060c400000, 0x000000060c400000, 0x000000060c800000|  0%| F|  |TAMS 0x000000060c400000, 0x000000060c400000| Untracked 
|  46|0x000000060c800000, 0x000000060c800000, 0x000000060cc00000|  0%| F|  |TAMS 0x000000060c800000, 0x000000060c800000| Untracked 
|  47|0x000000060cc00000, 0x000000060cc00000, 0x000000060d000000|  0%| F|  |TAMS 0x000000060cc00000, 0x000000060cc00000| Untracked 
|  48|0x000000060d000000, 0x000000060d000000, 0x000000060d400000|  0%| F|  |TAMS 0x000000060d000000, 0x000000060d000000| Untracked 
|  49|0x000000060d400000, 0x000000060d400000, 0x000000060d800000|  0%| F|  |TAMS 0x000000060d400000, 0x000000060d400000| Untracked 
|  50|0x000000060d800000, 0x000000060d800000, 0x000000060dc00000|  0%| F|  |TAMS 0x000000060d800000, 0x000000060d800000| Untracked 
|  51|0x000000060dc00000, 0x000000060dc00000, 0x000000060e000000|  0%| F|  |TAMS 0x000000060dc00000, 0x000000060dc00000| Untracked 
|  52|0x000000060e000000, 0x000000060e000000, 0x000000060e400000|  0%| F|  |TAMS 0x000000060e000000, 0x000000060e000000| Untracked 
|  53|0x000000060e400000, 0x000000060e400000, 0x000000060e800000|  0%| F|  |TAMS 0x000000060e400000, 0x000000060e400000| Untracked 
|  54|0x000000060e800000, 0x000000060e800000, 0x000000060ec00000|  0%| F|  |TAMS 0x000000060e800000, 0x000000060e800000| Untracked 
|  55|0x000000060ec00000, 0x000000060ec00000, 0x000000060f000000|  0%| F|  |TAMS 0x000000060ec00000, 0x000000060ec00000| Untracked 
|  56|0x000000060f000000, 0x000000060f000000, 0x000000060f400000|  0%| F|  |TAMS 0x000000060f000000, 0x000000060f000000| Untracked 
|  57|0x000000060f400000, 0x000000060f400000, 0x000000060f800000|  0%| F|  |TAMS 0x000000060f400000, 0x000000060f400000| Untracked 
|  58|0x000000060f800000, 0x000000060f800000, 0x000000060fc00000|  0%| F|  |TAMS 0x000000060f800000, 0x000000060f800000| Untracked 
|  59|0x000000060fc00000, 0x000000060fc00000, 0x0000000610000000|  0%| F|  |TAMS 0x000000060fc00000, 0x000000060fc00000| Untracked 
|  60|0x0000000610000000, 0x0000000610000000, 0x0000000610400000|  0%| F|  |TAMS 0x0000000610000000, 0x0000000610000000| Untracked 
|  61|0x0000000610400000, 0x0000000610400000, 0x0000000610800000|  0%| F|  |TAMS 0x0000000610400000, 0x0000000610400000| Untracked 
|  62|0x0000000610800000, 0x0000000610800000, 0x0000000610c00000|  0%| F|  |TAMS 0x0000000610800000, 0x0000000610800000| Untracked 
|  63|0x0000000610c00000, 0x0000000610c00000, 0x0000000611000000|  0%| F|  |TAMS 0x0000000610c00000, 0x0000000610c00000| Untracked 
|  64|0x0000000611000000, 0x0000000611000000, 0x0000000611400000|  0%| F|  |TAMS 0x0000000611000000, 0x0000000611000000| Untracked 
|  65|0x0000000611400000, 0x0000000611400000, 0x0000000611800000|  0%| F|  |TAMS 0x0000000611400000, 0x0000000611400000| Untracked 
|  66|0x0000000611800000, 0x0000000611800000, 0x0000000611c00000|  0%| F|  |TAMS 0x0000000611800000, 0x0000000611800000| Untracked 
|  67|0x0000000611c00000, 0x0000000611c00000, 0x0000000612000000|  0%| F|  |TAMS 0x0000000611c00000, 0x0000000611c00000| Untracked 
|  68|0x0000000612000000, 0x0000000612000000, 0x0000000612400000|  0%| F|  |TAMS 0x0000000612000000, 0x0000000612000000| Untracked 
|  69|0x0000000612400000, 0x0000000612400000, 0x0000000612800000|  0%| F|  |TAMS 0x0000000612400000, 0x0000000612400000| Untracked 
|  70|0x0000000612800000, 0x0000000612800000, 0x0000000612c00000|  0%| F|  |TAMS 0x0000000612800000, 0x0000000612800000| Untracked 
|  71|0x0000000612c00000, 0x0000000612c00000, 0x0000000613000000|  0%| F|  |TAMS 0x0000000612c00000, 0x0000000612c00000| Untracked 
|  72|0x0000000613000000, 0x0000000613000000, 0x0000000613400000|  0%| F|  |TAMS 0x0000000613000000, 0x0000000613000000| Untracked 
|  73|0x0000000613400000, 0x0000000613400000, 0x0000000613800000|  0%| F|  |TAMS 0x0000000613400000, 0x0000000613400000| Untracked 
|  74|0x0000000613800000, 0x0000000613800000, 0x0000000613c00000|  0%| F|  |TAMS 0x0000000613800000, 0x0000000613800000| Untracked 
|  75|0x0000000613c00000, 0x0000000613c00000, 0x0000000614000000|  0%| F|  |TAMS 0x0000000613c00000, 0x0000000613c00000| Untracked 
|  76|0x0000000614000000, 0x0000000614000000, 0x0000000614400000|  0%| F|  |TAMS 0x0000000614000000, 0x0000000614000000| Untracked 
|  77|0x0000000614400000, 0x0000000614400000, 0x0000000614800000|  0%| F|  |TAMS 0x0000000614400000, 0x0000000614400000| Untracked 
|  78|0x0000000614800000, 0x0000000614800000, 0x0000000614c00000|  0%| F|  |TAMS 0x0000000614800000, 0x0000000614800000| Untracked 
|  79|0x0000000614c00000, 0x0000000614c00000, 0x0000000615000000|  0%| F|  |TAMS 0x0000000614c00000, 0x0000000614c00000| Untracked 
|  80|0x0000000615000000, 0x0000000615000000, 0x0000000615400000|  0%| F|  |TAMS 0x0000000615000000, 0x0000000615000000| Untracked 
|  81|0x0000000615400000, 0x0000000615400000, 0x0000000615800000|  0%| F|  |TAMS 0x0000000615400000, 0x0000000615400000| Untracked 
|  82|0x0000000615800000, 0x0000000615800000, 0x0000000615c00000|  0%| F|  |TAMS 0x0000000615800000, 0x0000000615800000| Untracked 
|  83|0x0000000615c00000, 0x0000000615c00000, 0x0000000616000000|  0%| F|  |TAMS 0x0000000615c00000, 0x0000000615c00000| Untracked 
|  84|0x0000000616000000, 0x0000000616000000, 0x0000000616400000|  0%| F|  |TAMS 0x0000000616000000, 0x0000000616000000| Untracked 
|  85|0x0000000616400000, 0x0000000616400000, 0x0000000616800000|  0%| F|  |TAMS 0x0000000616400000, 0x0000000616400000| Untracked 
|  86|0x0000000616800000, 0x0000000616800000, 0x0000000616c00000|  0%| F|  |TAMS 0x0000000616800000, 0x0000000616800000| Untracked 
|  87|0x0000000616c00000, 0x0000000616c00000, 0x0000000617000000|  0%| F|  |TAMS 0x0000000616c00000, 0x0000000616c00000| Untracked 
|  88|0x0000000617000000, 0x0000000617000000, 0x0000000617400000|  0%| F|  |TAMS 0x0000000617000000, 0x0000000617000000| Untracked 
|  89|0x0000000617400000, 0x0000000617400000, 0x0000000617800000|  0%| F|  |TAMS 0x0000000617400000, 0x0000000617400000| Untracked 
|  90|0x0000000617800000, 0x0000000617800000, 0x0000000617c00000|  0%| F|  |TAMS 0x0000000617800000, 0x0000000617800000| Untracked 
|  91|0x0000000617c00000, 0x0000000617c00000, 0x0000000618000000|  0%| F|  |TAMS 0x0000000617c00000, 0x0000000617c00000| Untracked 
|  92|0x0000000618000000, 0x0000000618000000, 0x0000000618400000|  0%| F|  |TAMS 0x0000000618000000, 0x0000000618000000| Untracked 
|  93|0x0000000618400000, 0x0000000618400000, 0x0000000618800000|  0%| F|  |TAMS 0x0000000618400000, 0x0000000618400000| Untracked 
|  94|0x0000000618800000, 0x0000000618800000, 0x0000000618c00000|  0%| F|  |TAMS 0x0000000618800000, 0x0000000618800000| Untracked 
|  95|0x0000000618c00000, 0x0000000618c00000, 0x0000000619000000|  0%| F|  |TAMS 0x0000000618c00000, 0x0000000618c00000| Untracked 
|  96|0x0000000619000000, 0x0000000619000000, 0x0000000619400000|  0%| F|  |TAMS 0x0000000619000000, 0x0000000619000000| Untracked 
|  97|0x0000000619400000, 0x0000000619400000, 0x0000000619800000|  0%| F|  |TAMS 0x0000000619400000, 0x0000000619400000| Untracked 
|  98|0x0000000619800000, 0x0000000619800000, 0x0000000619c00000|  0%| F|  |TAMS 0x0000000619800000, 0x0000000619800000| Untracked 
|  99|0x0000000619c00000, 0x0000000619c00000, 0x000000061a000000|  0%| F|  |TAMS 0x0000000619c00000, 0x0000000619c00000| Untracked 
| 100|0x000000061a000000, 0x000000061a000000, 0x000000061a400000|  0%| F|  |TAMS 0x000000061a000000, 0x000000061a000000| Untracked 
| 101|0x000000061a400000, 0x000000061a400000, 0x000000061a800000|  0%| F|  |TAMS 0x000000061a400000, 0x000000061a400000| Untracked 
| 102|0x000000061a800000, 0x000000061a800000, 0x000000061ac00000|  0%| F|  |TAMS 0x000000061a800000, 0x000000061a800000| Untracked 
| 103|0x000000061ac00000, 0x000000061ac00000, 0x000000061b000000|  0%| F|  |TAMS 0x000000061ac00000, 0x000000061ac00000| Untracked 
| 104|0x000000061b000000, 0x000000061b000000, 0x000000061b400000|  0%| F|  |TAMS 0x000000061b000000, 0x000000061b000000| Untracked 
| 105|0x000000061b400000, 0x000000061b400000, 0x000000061b800000|  0%| F|  |TAMS 0x000000061b400000, 0x000000061b400000| Untracked 
| 106|0x000000061b800000, 0x000000061b800000, 0x000000061bc00000|  0%| F|  |TAMS 0x000000061b800000, 0x000000061b800000| Untracked 
| 107|0x000000061bc00000, 0x000000061bc00000, 0x000000061c000000|  0%| F|  |TAMS 0x000000061bc00000, 0x000000061bc00000| Untracked 
| 108|0x000000061c000000, 0x000000061c000000, 0x000000061c400000|  0%| F|  |TAMS 0x000000061c000000, 0x000000061c000000| Untracked 
| 109|0x000000061c400000, 0x000000061c400000, 0x000000061c800000|  0%| F|  |TAMS 0x000000061c400000, 0x000000061c400000| Untracked 
| 110|0x000000061c800000, 0x000000061c800000, 0x000000061cc00000|  0%| F|  |TAMS 0x000000061c800000, 0x000000061c800000| Untracked 
| 111|0x000000061cc00000, 0x000000061cc00000, 0x000000061d000000|  0%| F|  |TAMS 0x000000061cc00000, 0x000000061cc00000| Untracked 
| 112|0x000000061d000000, 0x000000061d000000, 0x000000061d400000|  0%| F|  |TAMS 0x000000061d000000, 0x000000061d000000| Untracked 
| 113|0x000000061d400000, 0x000000061d400000, 0x000000061d800000|  0%| F|  |TAMS 0x000000061d400000, 0x000000061d400000| Untracked 
| 114|0x000000061d800000, 0x000000061d800000, 0x000000061dc00000|  0%| F|  |TAMS 0x000000061d800000, 0x000000061d800000| Untracked 
| 115|0x000000061dc00000, 0x000000061dc00000, 0x000000061e000000|  0%| F|  |TAMS 0x000000061dc00000, 0x000000061dc00000| Untracked 
| 116|0x000000061e000000, 0x000000061e000000, 0x000000061e400000|  0%| F|  |TAMS 0x000000061e000000, 0x000000061e000000| Untracked 
| 117|0x000000061e400000, 0x000000061e400000, 0x000000061e800000|  0%| F|  |TAMS 0x000000061e400000, 0x000000061e400000| Untracked 
| 118|0x000000061e800000, 0x000000061e800000, 0x000000061ec00000|  0%| F|  |TAMS 0x000000061e800000, 0x000000061e800000| Untracked 
| 119|0x000000061ec00000, 0x000000061ec00000, 0x000000061f000000|  0%| F|  |TAMS 0x000000061ec00000, 0x000000061ec00000| Untracked 
| 120|0x000000061f000000, 0x000000061f000000, 0x000000061f400000|  0%| F|  |TAMS 0x000000061f000000, 0x000000061f000000| Untracked 
| 121|0x000000061f400000, 0x000000061f6d4a48, 0x000000061f800000| 70%| S|CS|TAMS 0x000000061f400000, 0x000000061f400000| Complete 
| 122|0x000000061f800000, 0x000000061f800000, 0x000000061fc00000|  0%| F|  |TAMS 0x000000061f800000, 0x000000061f800000| Untracked 
| 123|0x000000061fc00000, 0x000000061fc00000, 0x0000000620000000|  0%| F|  |TAMS 0x000000061fc00000, 0x000000061fc00000| Untracked 
| 124|0x0000000620000000, 0x0000000620000000, 0x0000000620400000|  0%| F|  |TAMS 0x0000000620000000, 0x0000000620000000| Untracked 
| 125|0x0000000620400000, 0x0000000620400000, 0x0000000620800000|  0%| F|  |TAMS 0x0000000620400000, 0x0000000620400000| Untracked 
| 126|0x0000000620800000, 0x0000000620af4920, 0x0000000620c00000| 73%| E|  |TAMS 0x0000000620800000, 0x0000000620800000| Complete 
| 127|0x0000000620c00000, 0x0000000621000000, 0x0000000621000000|100%| E|CS|TAMS 0x0000000620c00000, 0x0000000620c00000| Complete 

Card table byte_map: [0x00000295f72d0000,0x00000295f82d0000] _byte_map_base: 0x00000295f42c8000

Marking Bits (Prev, Next): (CMBitMap*) 0x00000295df570700, (CMBitMap*) 0x00000295df570740
 Prev Bits: [0x0000029580000000, 0x0000029587fc0000)
 Next Bits: [0x0000029587fc0000, 0x000002958ff80000)

Polling page: 0x00000295deca0000

Metaspace:

Usage:
  Non-class:      6.07 MB used.
      Class:    896.71 KB used.
       Both:      6.94 MB used.

Virtual space:
  Non-class space:       64.00 MB reserved,       6.19 MB ( 10%) committed,  1 nodes.
      Class space:        1.00 GB reserved,       1.00 MB ( <1%) committed,  1 nodes.
             Both:        1.06 GB reserved,       7.19 MB ( <1%) committed. 

Chunk freelists:
   Non-Class:  8.86 MB
       Class:  14.91 MB
        Both:  23.77 MB

MaxMetaspaceSize: unlimited
CompressedClassSpaceSize: 1.00 GB
Initial GC threshold: 21.00 MB
Current GC threshold: 21.00 MB
CDS: on
MetaspaceReclaimPolicy: balanced
 - commit_granule_bytes: 65536.
 - commit_granule_words: 8192.
 - virtual_space_node_default_size: 8388608.
 - enlarge_chunks_in_place: 1.
 - new_chunks_are_fully_committed: 0.
 - uncommit_free_chunks: 1.
 - use_allocation_guard: 0.
 - handle_deallocations: 1.


Internal statistics:

num_allocs_failed_limit: 0.
num_arena_births: 102.
num_arena_deaths: 0.
num_vsnodes_births: 2.
num_vsnodes_deaths: 0.
num_space_committed: 115.
num_space_uncommitted: 0.
num_chunks_returned_to_freelist: 0.
num_chunks_taken_from_freelist: 279.
num_chunk_merges: 0.
num_chunk_splits: 186.
num_chunks_enlarged: 139.
num_inconsistent_stats: 0.

CodeHeap 'non-profiled nmethods': size=120000Kb used=387Kb max_used=387Kb free=119612Kb
 bounds [0x00000295ee850000, 0x00000295eeac0000, 0x00000295f5d80000]
CodeHeap 'profiled nmethods': size=120000Kb used=1672Kb max_used=1672Kb free=118327Kb
 bounds [0x00000295e6d80000, 0x00000295e6ff0000, 0x00000295ee2b0000]
CodeHeap 'non-nmethods': size=5760Kb used=1239Kb max_used=1254Kb free=4520Kb
 bounds [0x00000295ee2b0000, 0x00000295ee520000, 0x00000295ee850000]
 total_blobs=1607 nmethods=1052 adapters=468
 compilation: enabled
              stopped_count=0, restarted_count=0
 full_count=0

Compilation events (20 events):
Event: 0.609 Thread 0x00000295d102f790 nmethod 954 0x00000295e6eefe10 code [0x00000295e6ef0000, 0x00000295e6ef04c8]
Event: 0.610 Thread 0x00000295d102f790  956       3       jdk.internal.loader.BuiltinClassLoader::findLoadedModule (33 bytes)
Event: 0.610 Thread 0x00000295d102f790 nmethod 956 0x00000295e6ef0690 code [0x00000295e6ef08a0, 0x00000295e6ef0ef8]
Event: 0.611 Thread 0x00000295d102f790  957       1       java.lang.invoke.DirectMethodHandle::isCrackable (5 bytes)
Event: 0.611 Thread 0x00000295d102f790 nmethod 957 0x00000295ee8a8490 code [0x00000295ee8a8620, 0x00000295ee8a86f8]
Event: 0.611 Thread 0x00000295d102f790  958       3       jdk.internal.misc.CDS::isDumpingArchive (4 bytes)
Event: 0.611 Thread 0x00000295d102f790 nmethod 958 0x00000295e6ef1190 code [0x00000295e6ef1320, 0x00000295e6ef1418]
Event: 0.611 Thread 0x00000295d102f790  959       3       java.lang.ClassLoader::loadClass (7 bytes)
Event: 0.611 Thread 0x00000295d102f790 nmethod 959 0x00000295e6ef1490 code [0x00000295e6ef1640, 0x00000295e6ef1808]
Event: 0.611 Thread 0x00000295d102f790  960       3       jdk.internal.loader.ClassLoaders$AppClassLoader::loadClass (40 bytes)
Event: 0.612 Thread 0x00000295d102f790 nmethod 960 0x00000295e6ef1890 code [0x00000295e6ef1ae0, 0x00000295e6ef2438]
Event: 0.612 Thread 0x00000295d102f790  961       3       jdk.internal.loader.BuiltinClassLoader::loadClass (22 bytes)
Event: 0.612 Thread 0x00000295d102f790 nmethod 961 0x00000295e6ef2790 code [0x00000295e6ef2940, 0x00000295e6ef2c18]
Event: 0.612 Thread 0x00000295d102f790  963       3       java.util.TreeMap::parentOf (13 bytes)
Event: 0.613 Thread 0x00000295d102f790 nmethod 963 0x00000295e6ef2d10 code [0x00000295e6ef2ea0, 0x00000295e6ef3018]
Event: 0.614 Thread 0x00000295d102f790  964       3       java.util.concurrent.locks.ReentrantReadWriteLock$ReadLock::lock (9 bytes)
Event: 0.614 Thread 0x00000295d102f790 nmethod 964 0x00000295e6ef3110 code [0x00000295e6ef32c0, 0x00000295e6ef3408]
Event: 0.614 Thread 0x00000295d102f790  965       3       java.util.concurrent.locks.AbstractQueuedSynchronizer::acquireShared (20 bytes)
Event: 0.614 Thread 0x00000295d102f790 nmethod 965 0x00000295e6ef3510 code [0x00000295e6ef36c0, 0x00000295e6ef3938]
Event: 0.614 Thread 0x00000295d102f790  966       3       java.util.concurrent.locks.ReentrantReadWriteLock$Sync::tryAcquireShared (177 bytes)

GC Heap History (0 events):
No events

Deoptimization events (20 events):
Event: 0.293 Thread 0x00000295df4c52e0 DEOPT PACKING pc=0x00000295ee87b070 sp=0x000000b2dbffe020
Event: 0.293 Thread 0x00000295df4c52e0 DEOPT UNPACKING pc=0x00000295ee3023a3 sp=0x000000b2dbffdeb0 mode 2
Event: 0.293 Thread 0x00000295df4c52e0 Uncommon trap: trap_request=0xffffff66 fr.pc=0x00000295ee87b070 relative=0x0000000000000dd0
Event: 0.293 Thread 0x00000295df4c52e0 Uncommon trap: reason=speculate_class_check action=maybe_recompile pc=0x00000295ee87b070 method=java.util.HashMap.putVal(ILjava/lang/Object;Ljava/lang/Object;ZZ)Ljava/lang/Object; @ 56 c2
Event: 0.293 Thread 0x00000295df4c52e0 DEOPT PACKING pc=0x00000295ee87b070 sp=0x000000b2dbffe020
Event: 0.293 Thread 0x00000295df4c52e0 DEOPT UNPACKING pc=0x00000295ee3023a3 sp=0x000000b2dbffdeb0 mode 2
Event: 0.308 Thread 0x00000295df4c52e0 Uncommon trap: trap_request=0xffffff45 fr.pc=0x00000295ee86bd70 relative=0x0000000000000630
Event: 0.308 Thread 0x00000295df4c52e0 Uncommon trap: reason=unstable_if action=reinterpret pc=0x00000295ee86bd70 method=jdk.internal.module.Checks.isJavaIdentifier(Ljava/lang/String;)Z @ 4 c2
Event: 0.308 Thread 0x00000295df4c52e0 DEOPT PACKING pc=0x00000295ee86bd70 sp=0x000000b2dbffe2f0
Event: 0.308 Thread 0x00000295df4c52e0 DEOPT UNPACKING pc=0x00000295ee3023a3 sp=0x000000b2dbffe298 mode 2
Event: 0.413 Thread 0x00000295df4c52e0 DEOPT PACKING pc=0x00000295e6e8ab8f sp=0x000000b2dbffe280
Event: 0.413 Thread 0x00000295df4c52e0 DEOPT UNPACKING pc=0x00000295ee302b43 sp=0x000000b2dbffd6a0 mode 0
Event: 0.519 Thread 0x00000295d1c47d70 Uncommon trap: trap_request=0xffffff45 fr.pc=0x00000295ee8936e4 relative=0x00000000000002a4
Event: 0.519 Thread 0x00000295d1c47d70 Uncommon trap: reason=unstable_if action=reinterpret pc=0x00000295ee8936e4 method=java.lang.invoke.VarHandle.checkExactAccessMode(Ljava/lang/invoke/VarHandle$AccessDescriptor;)V @ 4 c2
Event: 0.519 Thread 0x00000295d1c47d70 DEOPT PACKING pc=0x00000295ee8936e4 sp=0x000000b2dd9fe910
Event: 0.519 Thread 0x00000295d1c47d70 DEOPT UNPACKING pc=0x00000295ee3023a3 sp=0x000000b2dd9fe880 mode 2
Event: 0.602 Thread 0x00000295d1c47d70 Uncommon trap: trap_request=0xffffff45 fr.pc=0x00000295ee895b74 relative=0x0000000000000074
Event: 0.602 Thread 0x00000295d1c47d70 Uncommon trap: reason=unstable_if action=reinterpret pc=0x00000295ee895b74 method=jdk.internal.misc.Unsafe.convEndian(ZI)I @ 4 c2
Event: 0.602 Thread 0x00000295d1c47d70 DEOPT PACKING pc=0x00000295ee895b74 sp=0x000000b2dd9fd5a0
Event: 0.602 Thread 0x00000295d1c47d70 DEOPT UNPACKING pc=0x00000295ee3023a3 sp=0x000000b2dd9fd4d0 mode 2

Classes unloaded (0 events):
No events

Classes redefined (0 events):
No events

Internal exceptions (16 events):
Event: 0.155 Thread 0x00000295df4c52e0 Exception <a 'java/lang/NoSuchMethodError'{0x00000006208e3450}: 'void java.lang.invoke.DirectMethodHandle$Holder.invokeVirtual(java.lang.Object, java.lang.Object)'> (0x00000006208e3450) 
thrown [s\open\src\hotspot\share\interpreter\linkResolver.cpp, line 759]
Event: 0.174 Thread 0x00000295df4c52e0 Exception <a 'java/lang/NoSuchMethodError'{0x0000000620ab9cf0}: 'void java.lang.invoke.DirectMethodHandle$Holder.invokeSpecial(java.lang.Object, java.lang.Object, java.lang.Object)'> (0x0000000620ab9cf0) 
thrown [s\open\src\hotspot\share\interpreter\linkResolver.cpp, line 759]
Event: 0.193 Thread 0x00000295df4c52e0 Exception <a 'java/lang/NoSuchMethodError'{0x0000000620413960}: 'void java.lang.invoke.DirectMethodHandle$Holder.invokeSpecial(java.lang.Object, java.lang.Object, java.lang.Object, java.lang.Object, java.lang.Object)'> (0x0000000620413960) 
thrown [s\open\src\hotspot\share\interpreter\linkResolver.cpp, line 759]
Event: 0.197 Thread 0x00000295df4c52e0 Exception <a 'java/lang/NoSuchMethodError'{0x000000062042c718}: 'java.lang.Object java.lang.invoke.DirectMethodHandle$Holder.invokeInterface(java.lang.Object, java.lang.Object)'> (0x000000062042c718) 
thrown [s\open\src\hotspot\share\interpreter\linkResolver.cpp, line 759]
Event: 0.198 Thread 0x00000295df4c52e0 Exception <a 'java/lang/IncompatibleClassChangeError'{0x000000062042fd90}: Found class java.lang.Object, but interface was expected> (0x000000062042fd90) 
thrown [s\open\src\hotspot\share\interpreter\linkResolver.cpp, line 826]
Event: 0.198 Thread 0x00000295df4c52e0 Exception <a 'java/lang/NoSuchMethodError'{0x0000000620432b58}: 'void java.lang.invoke.DirectMethodHandle$Holder.invokeStatic(java.lang.Object, java.lang.Object, java.lang.Object, java.lang.Object)'> (0x0000000620432b58) 
thrown [s\open\src\hotspot\share\interpreter\linkResolver.cpp, line 759]
Event: 0.229 Thread 0x00000295d179ed50 Exception <a 'java/lang/NoSuchMethodError'{0x00000006205778b8}: 'java.lang.Object java.lang.invoke.DirectMethodHandle$Holder.invokeStaticInit(java.lang.Object)'> (0x00000006205778b8) 
thrown [s\open\src\hotspot\share\interpreter\linkResolver.cpp, line 759]
Event: 0.232 Thread 0x00000295d179ed50 Exception <a 'java/lang/ClassNotFoundException'{0x0000000620582a78}: jdk/net/ExtendedSocketOptions> (0x0000000620582a78) 
thrown [s\open\src\hotspot\share\classfile\systemDictionary.cpp, line 256]
Event: 0.233 Thread 0x00000295d179ed50 Exception <a 'java/lang/NoSuchMethodError'{0x0000000620584310}: 'void java.lang.invoke.DirectMethodHandle$Holder.invokeStatic(java.lang.Object, java.lang.Object)'> (0x0000000620584310) 
thrown [s\open\src\hotspot\share\interpreter\linkResolver.cpp, line 759]
Event: 0.461 Thread 0x00000295df4c52e0 Exception <a 'java/lang/NoSuchMethodError'{0x000000061fc30228}: 'void java.lang.invoke.DirectMethodHandle$Holder.invokeStatic(java.lang.Object, java.lang.Object, java.lang.Object)'> (0x000000061fc30228) 
thrown [s\open\src\hotspot\share\interpreter\linkResolver.cpp, line 759]
Event: 0.493 Thread 0x00000295df4c52e0 Exception <a 'java/lang/NoSuchMethodError'{0x000000061fc4cd28}: 'int java.lang.invoke.DirectMethodHandle$Holder.invokeStaticInit(java.lang.Object, java.lang.Object, java.lang.Object)'> (0x000000061fc4cd28) 
thrown [s\open\src\hotspot\share\interpreter\linkResolver.cpp, line 759]
Event: 0.513 Thread 0x00000295df4c52e0 Exception <a 'java/lang/NoSuchMethodError'{0x000000061fd888a8}: 'java.lang.Object java.lang.invoke.DirectMethodHandle$Holder.newInvokeSpecial(java.lang.Object, java.lang.Object, int, java.lang.Object)'> (0x000000061fd888a8) 
thrown [s\open\src\hotspot\share\interpreter\linkResolver.cpp, line 759]
Event: 0.513 Thread 0x00000295df4c52e0 Exception <a 'java/lang/NoSuchMethodError'{0x000000061fd8cc88}: 'java.lang.Object java.lang.invoke.DirectMethodHandle$Holder.invokeSpecial(java.lang.Object, java.lang.Object, java.lang.Object, int, java.lang.Object)'> (0x000000061fd8cc88) 
thrown [s\open\src\hotspot\share\interpreter\linkResolver.cpp, line 759]
Event: 0.587 Thread 0x00000295d1c47d70 Exception <a 'java/lang/NoSuchMethodError'{0x000000061f897360}: 'void java.lang.invoke.DirectMethodHandle$Holder.invokeStaticInit(java.lang.Object)'> (0x000000061f897360) 
thrown [s\open\src\hotspot\share\interpreter\linkResolver.cpp, line 759]
Event: 0.591 Thread 0x00000295df4c52e0 Exception <a 'java/lang/NoSuchMethodError'{0x000000061fda1d58}: 'java.lang.Object java.lang.invoke.DirectMethodHandle$Holder.newInvokeSpecial(java.lang.Object, java.lang.Object, java.lang.Object, java.lang.Object, java.lang.Object, java.lang.Object)'> (0x000000061fda1d58) 
thrown [s\open\src\hotspot\share\interpreter\linkResolver.cpp, line 759]
Event: 0.608 Thread 0x00000295df4c52e0 Exception <a 'java/lang/NoSuchMethodError'{0x000000061fdd4a78}: 'java.lang.Object java.lang.invoke.DirectMethodHandle$Holder.newInvokeSpecial(java.lang.Object, java.lang.Object, java.lang.Object, java.lang.Object, java.lang.Object)'> (0x000000061fdd4a78) 
thrown [s\open\src\hotspot\share\interpreter\linkResolver.cpp, line 759]

VM Operations (10 events):
Event: 0.133 Executing VM operation: HandshakeAllThreads
Event: 0.133 Executing VM operation: HandshakeAllThreads done
Event: 0.195 Executing VM operation: HandshakeAllThreads
Event: 0.195 Executing VM operation: HandshakeAllThreads done
Event: 0.228 Executing VM operation: HandshakeAllThreads
Event: 0.228 Executing VM operation: HandshakeAllThreads done
Event: 0.502 Executing VM operation: HandshakeAllThreads
Event: 0.502 Executing VM operation: HandshakeAllThreads done
Event: 0.599 Executing VM operation: ICBufferFull
Event: 0.599 Executing VM operation: ICBufferFull done

Events (20 events):
Event: 0.602 loading class java/lang/reflect/Proxy$ProxyBuilder$1 done
Event: 0.602 loading class java/lang/annotation/Target
Event: 0.602 loading class java/lang/annotation/Target done
Event: 0.603 loading class sun/reflect/generics/repository/ClassRepository
Event: 0.603 loading class sun/reflect/generics/repository/GenericDeclRepository
Event: 0.603 loading class sun/reflect/generics/repository/AbstractRepository
Event: 0.603 loading class sun/reflect/generics/repository/AbstractRepository done
Event: 0.603 loading class sun/reflect/generics/repository/GenericDeclRepository done
Event: 0.603 loading class sun/reflect/generics/repository/ClassRepository done
Event: 0.603 loading class java/lang/Class$EnclosingMethodInfo
Event: 0.604 loading class java/lang/Class$EnclosingMethodInfo done
Event: 0.604 loading class java/lang/Class$AnnotationData
Event: 0.604 loading class java/lang/Class$AnnotationData done
Event: 0.607 Thread 0x00000295da758270 Thread added: 0x00000295da758270
Event: 0.607 loading class java/lang/StackTraceElement$HashedModules
Event: 0.607 loading class java/lang/StackTraceElement$HashedModules done
Event: 0.608 Thread 0x00000295da764ec0 Thread added: 0x00000295da764ec0
Event: 0.609 Thread 0x00000295da78ee40 Thread added: 0x00000295da78ee40
Event: 0.610 Loaded shared library C:\Program Files\Java\jdk-17\bin\verify.dll
Event: 0.611 Loaded shared library C:\Users\Dmitry\.jssc\windows\jSSC-2.8_x86_64.dll


Dynamic libraries:
0x00007ff62ede0000 - 0x00007ff62edf0000 	C:\Program Files\Java\jdk-17\bin\java.exe
0x00007ffa4d170000 - 0x00007ffa4d367000 	C:\Windows\SYSTEM32\ntdll.dll
0x00007ffa4b510000 - 0x00007ffa4b5cd000 	C:\Windows\System32\KERNEL32.DLL
0x00007ffa4ab30000 - 0x00007ffa4ae26000 	C:\Windows\System32\KERNELBASE.dll
0x00007ffa4a9a0000 - 0x00007ffa4aaa0000 	C:\Windows\System32\ucrtbase.dll
0x00007ffa2f6f0000 - 0x00007ffa2f709000 	C:\Program Files\Java\jdk-17\bin\jli.dll
0x00007ffa2f6d0000 - 0x00007ffa2f6eb000 	C:\Program Files\Java\jdk-17\bin\VCRUNTIME140.dll
0x00007ffa4cb20000 - 0x00007ffa4cbce000 	C:\Windows\System32\ADVAPI32.dll
0x00007ffa4b630000 - 0x00007ffa4b6ce000 	C:\Windows\System32\msvcrt.dll
0x00007ffa4cfb0000 - 0x00007ffa4d04c000 	C:\Windows\System32\sechost.dll
0x00007ffa4bdd0000 - 0x00007ffa4bef6000 	C:\Windows\System32\RPCRT4.dll
0x00007ffa4b1f0000 - 0x00007ffa4b38e000 	C:\Windows\System32\USER32.dll
0x00007ffa4b040000 - 0x00007ffa4b062000 	C:\Windows\System32\win32u.dll
0x00007ffa36210000 - 0x00007ffa364aa000 	C:\Windows\WinSxS\amd64_microsoft.windows.common-controls_6595b64144ccf1df_6.0.19041.3570_none_60bb2a3971f3e41a\COMCTL32.dll
0x00007ffa4c3a0000 - 0x00007ffa4c3cc000 	C:\Windows\System32\GDI32.dll
0x00007ffa4ae30000 - 0x00007ffa4af4a000 	C:\Windows\System32\gdi32full.dll
0x00007ffa4afa0000 - 0x00007ffa4b03d000 	C:\Windows\System32\msvcp_win.dll
0x00007ffa42140000 - 0x00007ffa4214a000 	C:\Windows\SYSTEM32\VERSION.dll
0x00007ffa4bda0000 - 0x00007ffa4bdd0000 	C:\Windows\System32\IMM32.DLL
0x00007ffa3e5a0000 - 0x00007ffa3e5ac000 	C:\Program Files\Java\jdk-17\bin\vcruntime140_1.dll
0x00007ffa2e1d0000 - 0x00007ffa2e25e000 	C:\Program Files\Java\jdk-17\bin\msvcp140.dll
0x00007ff9e13c0000 - 0x00007ff9e1f9f000 	C:\Program Files\Java\jdk-17\bin\server\jvm.dll
0x00007ffa4cbd0000 - 0x00007ffa4cbd8000 	C:\Windows\System32\PSAPI.DLL
0x00007ffa41ee0000 - 0x00007ffa41f07000 	C:\Windows\SYSTEM32\WINMM.dll
0x00007ffa45d80000 - 0x00007ffa45d89000 	C:\Windows\SYSTEM32\WSOCK32.dll
0x00007ffa4bf00000 - 0x00007ffa4bf6b000 	C:\Windows\System32\WS2_32.dll
0x00007ffa48710000 - 0x00007ffa48722000 	C:\Windows\SYSTEM32\kernel.appcore.dll
0x00007ffa33cc0000 - 0x00007ffa33cca000 	C:\Program Files\Java\jdk-17\bin\jimage.dll
0x00007ffa43a70000 - 0x00007ffa43c54000 	C:\Windows\SYSTEM32\DBGHELP.DLL
0x00007ffa37f70000 - 0x00007ffa37fa4000 	C:\Windows\SYSTEM32\dbgcore.DLL
0x00007ffa4aaa0000 - 0x00007ffa4ab22000 	C:\Windows\System32\bcryptPrimitives.dll
0x00007ffa46720000 - 0x00007ffa4672e000 	C:\Program Files\Java\jdk-17\bin\instrument.dll
0x00007ffa2f6a0000 - 0x00007ffa2f6c5000 	C:\Program Files\Java\jdk-17\bin\java.dll
0x00007ffa2c8f0000 - 0x00007ffa2c9c7000 	C:\Program Files\Java\jdk-17\bin\jsvml.dll
0x00007ffa4c3d0000 - 0x00007ffa4cb14000 	C:\Windows\System32\SHELL32.dll
0x00007ffa48910000 - 0x00007ffa490ab000 	C:\Windows\SYSTEM32\windows.storage.dll
0x00007ffa4cbe0000 - 0x00007ffa4cf34000 	C:\Windows\System32\combase.dll
0x00007ffa4a290000 - 0x00007ffa4a2bd000 	C:\Windows\SYSTEM32\Wldp.dll
0x00007ffa4c2f0000 - 0x00007ffa4c39d000 	C:\Windows\System32\SHCORE.dll
0x00007ffa4b5d0000 - 0x00007ffa4b625000 	C:\Windows\System32\shlwapi.dll
0x00007ffa4a780000 - 0x00007ffa4a7a5000 	C:\Windows\SYSTEM32\profapi.dll
0x00007ffa2f390000 - 0x00007ffa2f3a9000 	C:\Program Files\Java\jdk-17\bin\net.dll
0x00007ffa43860000 - 0x00007ffa4396a000 	C:\Windows\SYSTEM32\WINHTTP.dll
0x00007ffa49ff0000 - 0x00007ffa4a05a000 	C:\Windows\system32\mswsock.dll
0x00007ffa2e1b0000 - 0x00007ffa2e1c6000 	C:\Program Files\Java\jdk-17\bin\nio.dll
0x00007ffa2e190000 - 0x00007ffa2e1a8000 	C:\Program Files\Java\jdk-17\bin\zip.dll
0x00007ffa466a0000 - 0x00007ffa466ba000 	C:\Program Files\JetBrains\IntelliJ IDEA Community Edition 2023.3.2\bin\breakgen64.dll
0x000002958ffa0000 - 0x000002958ffa3000 	C:\Users\Dmitry\.openjfx\cache\17.0.6\api-ms-win-core-console-l1-1-0.dll
0x000002958ffb0000 - 0x000002958ffb3000 	C:\Users\Dmitry\.openjfx\cache\17.0.6\api-ms-win-core-console-l1-2-0.dll
0x000002958ffc0000 - 0x000002958ffc3000 	C:\Users\Dmitry\.openjfx\cache\17.0.6\api-ms-win-core-datetime-l1-1-0.dll
0x000002958ffd0000 - 0x000002958ffd3000 	C:\Users\Dmitry\.openjfx\cache\17.0.6\api-ms-win-core-debug-l1-1-0.dll
0x000002958ffe0000 - 0x000002958ffe3000 	C:\Users\Dmitry\.openjfx\cache\17.0.6\api-ms-win-core-errorhandling-l1-1-0.dll
0x000002958fff0000 - 0x000002958fff4000 	C:\Users\Dmitry\.openjfx\cache\17.0.6\api-ms-win-core-file-l1-1-0.dll
0x00000295d1d10000 - 0x00000295d1d13000 	C:\Users\Dmitry\.openjfx\cache\17.0.6\api-ms-win-core-file-l1-2-0.dll
0x00000295d1d20000 - 0x00000295d1d23000 	C:\Users\Dmitry\.openjfx\cache\17.0.6\api-ms-win-core-file-l2-1-0.dll
0x00000295d1d30000 - 0x00000295d1d33000 	C:\Users\Dmitry\.openjfx\cache\17.0.6\api-ms-win-core-handle-l1-1-0.dll
0x00000295d1d40000 - 0x00000295d1d43000 	C:\Users\Dmitry\.openjfx\cache\17.0.6\api-ms-win-core-heap-l1-1-0.dll
0x00000295d1d50000 - 0x00000295d1d53000 	C:\Users\Dmitry\.openjfx\cache\17.0.6\api-ms-win-core-interlocked-l1-1-0.dll
0x00000295d1d60000 - 0x00000295d1d63000 	C:\Users\Dmitry\.openjfx\cache\17.0.6\api-ms-win-core-libraryloader-l1-1-0.dll
0x00000295d1d70000 - 0x00000295d1d73000 	C:\Users\Dmitry\.openjfx\cache\17.0.6\api-ms-win-core-localization-l1-2-0.dll
0x00000295d1d80000 - 0x00000295d1d83000 	C:\Users\Dmitry\.openjfx\cache\17.0.6\api-ms-win-core-memory-l1-1-0.dll
0x00000295d1d90000 - 0x00000295d1d93000 	C:\Users\Dmitry\.openjfx\cache\17.0.6\api-ms-win-core-namedpipe-l1-1-0.dll
0x00000295d1da0000 - 0x00000295d1da3000 	C:\Users\Dmitry\.openjfx\cache\17.0.6\api-ms-win-core-processenvironment-l1-1-0.dll
0x00000295d1db0000 - 0x00000295d1db3000 	C:\Users\Dmitry\.openjfx\cache\17.0.6\api-ms-win-core-processthreads-l1-1-0.dll
0x00000295d1dc0000 - 0x00000295d1dc3000 	C:\Users\Dmitry\.openjfx\cache\17.0.6\api-ms-win-core-processthreads-l1-1-1.dll
0x00000295d1dd0000 - 0x00000295d1dd3000 	C:\Users\Dmitry\.openjfx\cache\17.0.6\api-ms-win-core-profile-l1-1-0.dll
0x00000295d1de0000 - 0x00000295d1de3000 	C:\Users\Dmitry\.openjfx\cache\17.0.6\api-ms-win-core-rtlsupport-l1-1-0.dll
0x00000295d1df0000 - 0x00000295d1df3000 	C:\Users\Dmitry\.openjfx\cache\17.0.6\api-ms-win-core-string-l1-1-0.dll
0x00000295d1e00000 - 0x00000295d1e03000 	C:\Users\Dmitry\.openjfx\cache\17.0.6\api-ms-win-core-synch-l1-1-0.dll
0x00000295d1e10000 - 0x00000295d1e13000 	C:\Users\Dmitry\.openjfx\cache\17.0.6\api-ms-win-core-synch-l1-2-0.dll
0x00000295d1e20000 - 0x00000295d1e23000 	C:\Users\Dmitry\.openjfx\cache\17.0.6\api-ms-win-core-sysinfo-l1-1-0.dll
0x00000295d1e30000 - 0x00000295d1e33000 	C:\Users\Dmitry\.openjfx\cache\17.0.6\api-ms-win-core-timezone-l1-1-0.dll
0x00000295d1e40000 - 0x00000295d1e43000 	C:\Users\Dmitry\.openjfx\cache\17.0.6\api-ms-win-core-util-l1-1-0.dll
0x00000295d1e50000 - 0x00000295d1e53000 	C:\Users\Dmitry\.openjfx\cache\17.0.6\api-ms-win-crt-conio-l1-1-0.dll
0x00000295d1e60000 - 0x00000295d1e64000 	C:\Users\Dmitry\.openjfx\cache\17.0.6\api-ms-win-crt-convert-l1-1-0.dll
0x00000295d1e70000 - 0x00000295d1e73000 	C:\Users\Dmitry\.openjfx\cache\17.0.6\api-ms-win-crt-environment-l1-1-0.dll
0x00000295d1e80000 - 0x00000295d1e83000 	C:\Users\Dmitry\.openjfx\cache\17.0.6\api-ms-win-crt-filesystem-l1-1-0.dll
0x00000295d1e90000 - 0x00000295d1e93000 	C:\Users\Dmitry\.openjfx\cache\17.0.6\api-ms-win-crt-heap-l1-1-0.dll
0x00000295d1ea0000 - 0x00000295d1ea3000 	C:\Users\Dmitry\.openjfx\cache\17.0.6\api-ms-win-crt-locale-l1-1-0.dll
0x00000295d1eb0000 - 0x00000295d1eb5000 	C:\Users\Dmitry\.openjfx\cache\17.0.6\api-ms-win-crt-math-l1-1-0.dll
0x00000295d1ec0000 - 0x00000295d1ec5000 	C:\Users\Dmitry\.openjfx\cache\17.0.6\api-ms-win-crt-multibyte-l1-1-0.dll
0x00000295d1ed0000 - 0x00000295d1ee0000 	C:\Users\Dmitry\.openjfx\cache\17.0.6\api-ms-win-crt-private-l1-1-0.dll
0x00000295d1ee0000 - 0x00000295d1ee3000 	C:\Users\Dmitry\.openjfx\cache\17.0.6\api-ms-win-crt-process-l1-1-0.dll
0x00000295d1ef0000 - 0x00000295d1ef4000 	C:\Users\Dmitry\.openjfx\cache\17.0.6\api-ms-win-crt-runtime-l1-1-0.dll
0x00000295d1f00000 - 0x00000295d1f04000 	C:\Users\Dmitry\.openjfx\cache\17.0.6\api-ms-win-crt-stdio-l1-1-0.dll
0x00000295d1f10000 - 0x00000295d1f14000 	C:\Users\Dmitry\.openjfx\cache\17.0.6\api-ms-win-crt-string-l1-1-0.dll
0x00000295d1f20000 - 0x00000295d1f23000 	C:\Users\Dmitry\.openjfx\cache\17.0.6\api-ms-win-crt-time-l1-1-0.dll
0x00000295d1f30000 - 0x00000295d1f33000 	C:\Users\Dmitry\.openjfx\cache\17.0.6\api-ms-win-crt-utility-l1-1-0.dll
0x00007ff9fead0000 - 0x00007ff9febcc000 	C:\Users\Dmitry\.openjfx\cache\17.0.6\ucrtbase.dll
0x00007ffa3e7b0000 - 0x00007ffa3e7ca000 	C:\Users\Dmitry\.openjfx\cache\17.0.6\vcruntime140.dll
0x00007ffa46230000 - 0x00007ffa4623c000 	C:\Users\Dmitry\.openjfx\cache\17.0.6\vcruntime140_1.dll
0x00007ffa11250000 - 0x00007ffa112dd000 	C:\Users\Dmitry\.openjfx\cache\17.0.6\msvcp140.dll
0x00007ffa3e7a0000 - 0x00007ffa3e7a9000 	C:\Users\Dmitry\.openjfx\cache\17.0.6\msvcp140_1.dll
0x00007ffa36d20000 - 0x00007ffa36d4f000 	C:\Users\Dmitry\.openjfx\cache\17.0.6\msvcp140_2.dll
0x00007ffa36cf0000 - 0x00007ffa36d1a000 	C:\Users\Dmitry\.openjfx\cache\17.0.6\prism_d3d.dll
0x00007ffa21d40000 - 0x00007ffa21f0d000 	C:\Windows\system32\d3d9.dll
0x00007ffa48420000 - 0x00007ffa4844f000 	C:\Windows\SYSTEM32\dwmapi.dll
0x00007ffa48150000 - 0x00007ffa481ee000 	C:\Windows\system32\uxtheme.dll
0x00007ffa41f30000 - 0x00007ffa420eb000 	C:\Windows\System32\DriverStore\FileRepository\u0399660.inf_amd64_d7fa3539ce499e50\B399655\aticfx64.dll
0x00007ffa14550000 - 0x00007ffa14584000 	C:\Windows\System32\DriverStore\FileRepository\u0399660.inf_amd64_d7fa3539ce499e50\B399655\atiu9p64.dll
0x00007ffa104f0000 - 0x00007ffa11237000 	C:\Windows\System32\DriverStore\FileRepository\u0399660.inf_amd64_d7fa3539ce499e50\B399655\atiumd64.dll
0x00007ffa4b6d0000 - 0x00007ffa4b7fb000 	C:\Windows\System32\ole32.dll
0x000000006cd90000 - 0x000000006dca3000 	C:\Windows\System32\DriverStore\FileRepository\u0399660.inf_amd64_d7fa3539ce499e50\B399655\atiumd6a.dll
0x00007ffa4b800000 - 0x00007ffa4bc6e000 	C:\Windows\System32\SETUPAPI.dll
0x00007ffa4af50000 - 0x00007ffa4af9e000 	C:\Windows\System32\cfgmgr32.dll
0x00007ffa49db0000 - 0x00007ffa49dfb000 	C:\Windows\SYSTEM32\POWRPROF.dll
0x00007ffa4a8c0000 - 0x00007ffa4a8e7000 	C:\Windows\System32\bcrypt.dll
0x00007ffa49c70000 - 0x00007ffa49c82000 	C:\Windows\SYSTEM32\UMPDC.dll
0x00007ffa3fb20000 - 0x00007ffa3fb55000 	C:\Windows\SYSTEM32\amdihk64.dll
0x00007ffa33ea0000 - 0x00007ffa33ee2000 	C:\Users\Dmitry\.openjfx\cache\17.0.6\glass.dll
0x00007ffa4d050000 - 0x00007ffa4d12a000 	C:\Windows\System32\COMDLG32.dll
0x00007ffa4bcd0000 - 0x00007ffa4bd9d000 	C:\Windows\System32\OLEAUT32.dll
0x00007ffa4b390000 - 0x00007ffa4b4a4000 	C:\Windows\System32\MSCTF.dll
0x00007ffa42160000 - 0x00007ffa4219b000 	C:\Windows\SYSTEM32\dxcore.dll
0x00007ffa2e170000 - 0x00007ffa2e180000 	C:\Program Files\Java\jdk-17\bin\verify.dll
0x0000000071100000 - 0x0000000071125000 	C:\Users\Dmitry\.jssc\windows\jSSC-2.8_x86_64.dll

dbghelp: loaded successfully - version: 4.0.5 - missing functions: none
symbol engine: initialized successfully - sym options: 0x614 - pdb path: .;C:\Program Files\Java\jdk-17\bin;C:\Windows\SYSTEM32;C:\Windows\WinSxS\amd64_microsoft.windows.common-controls_6595b64144ccf1df_6.0.19041.3570_none_60bb2a3971f3e41a;C:\Program Files\Java\jdk-17\bin\server;C:\Program Files\JetBrains\IntelliJ IDEA Community Edition 2023.3.2\bin;C:\Users\Dmitry\.openjfx\cache\17.0.6;C:\Windows\System32\DriverStore\FileRepository\u0399660.inf_amd64_d7fa3539ce499e50\B399655;C:\Users\Dmitry\.jssc\windows

VM Arguments:
jvm_args: -javaagent:C:\Program Files\JetBrains\IntelliJ IDEA Community Edition 2023.3.2\lib\idea_rt.jar=56595:C:\Program Files\JetBrains\IntelliJ IDEA Community Edition 2023.3.2\bin -Dfile.encoding=UTF-8 --module-path=C:\Users\Dmitry\.m2\repository\org\openjfx\javafx-graphics\17.0.6\javafx-graphics-17.0.6-win.jar;C:\Users\Dmitry\.m2\repository\org\openjfx\javafx-media\17.0.6\javafx-media-17.0.6-win.jar;C:\Users\Dmitry\.m2\repository\org\openjfx\javafx-fxml\17.0.6\javafx-fxml-17.0.6-win.jar;C:\Users\Dmitry\.m2\repository\org\scream3r\jssc\2.8.0\jssc-2.8.0.jar;C:\Users\Dmitry\.m2\repository\org\openjfx\javafx-base\17.0.6\javafx-base-17.0.6-win.jar;I:\DimaWorkSpace\ModbusRtuSnifer\ModbusRtuSnifer\target\classes;C:\Users\Dmitry\.m2\repository\net\synedra\validatorfx\0.4.0\validatorfx-0.4.0.jar;C:\Users\Dmitry\.m2\repository\org\openjfx\javafx-controls\17.0.6\javafx-controls-17.0.6-win.jar;C:\Users\Dmitry\.m2\repository\eu\hansolo\tilesfx\11.48\tilesfx-11.48.jar;C:\Users\Dmitry\.m2\repository\org\kordamp\ikonli\ikonli-core\12.3.1\ikonli-core-12.3.1.jar;C:\Users\Dmitry\.m2\repository\org\kordamp\bootstrapfx\bootstrapfx-core\0.4.0\bootstrapfx-core-0.4.0.jar;C:\Users\Dmitry\.m2\repository\org\openjfx\javafx-web\17.0.6\javafx-web-17.0.6-win.jar;C:\Users\Dmitry\.m2\repository\com\dlsc\formsfx\formsfx-core\11.6.0\formsfx-core-11.6.0.jar;C:\Users\Dmitry\.m2\repository\org\controlsfx\controlsfx\11.1.2\controlsfx-11.1.2.jar;C:\Users\Dmitry\.m2\repository\io\github\flyingdew\jlibmodbus\1.2.9.7\jlibmodbus-1.2.9.7.jar;C:\Users\Dmitry\.m2\repository\org\kordamp\ikonli\ikonli-javafx\12.3.1\ikonli-javafx-12.3.1.jar -Djdk.module.main=org.dgg.modbusrtusnifer 
java_command: org.dgg.modbusrtusnifer/org.dgg.modbusrtusnifer.HelloApplication
java_class_path (initial): C:\Users\Dmitry\.m2\repository\org\openjfx\javafx-controls\17.0.6\javafx-controls-17.0.6.jar;C:\Users\Dmitry\.m2\repository\org\openjfx\javafx-graphics\17.0.6\javafx-graphics-17.0.6.jar;C:\Users\Dmitry\.m2\repository\org\openjfx\javafx-base\17.0.6\javafx-base-17.0.6.jar;C:\Users\Dmitry\.m2\repository\org\openjfx\javafx-fxml\17.0.6\javafx-fxml-17.0.6.jar;C:\Users\Dmitry\.m2\repository\org\openjfx\javafx-web\17.0.6\javafx-web-17.0.6.jar;C:\Users\Dmitry\.m2\repository\org\openjfx\javafx-media\17.0.6\javafx-media-17.0.6.jar;C:\Users\Dmitry\.m2\repository\org\openjfx\javafx-swing\17.0.6\javafx-swing-17.0.6.jar;C:\Users\Dmitry\.m2\repository\org\openjfx\javafx-swing\17.0.6\javafx-swing-17.0.6-win.jar;C:\Users\Dmitry\.m2\repository\com\fazecast\jSerialComm\2.4.0\jSerialComm-2.4.0.jar;C:\Users\Dmitry\.m2\repository\com\github\purejavacomm\purejavacomm\1.0.2.RELEASE\purejavacomm-1.0.2.RELEASE.jar;C:\Users\Dmitry\.m2\repository\net\java\dev\jna\jna\4.2.2\jna-4.2.2.jar;C:\Users\Dmitry\.m2\repository\org\rxtx\rxtx\2.1.7\rxtx-2.1.7.jar;C:\Users\Dmitry\.m2\repository\com\google\android\things\androidthings\1.0\androidthings-1.0.jar
Launcher Type: SUN_STANDARD

[Global flags]
     intx CICompilerCount                          = 4                                         {product} {ergonomic}
     uint ConcGCThreads                            = 3                                         {product} {ergonomic}
     uint G1ConcRefinementThreads                  = 10                                        {product} {ergonomic}
   size_t G1HeapRegionSize                         = 4194304                                   {product} {ergonomic}
    uintx GCDrainStackTargetSize                   = 64                                        {product} {ergonomic}
   size_t InitialHeapSize                          = 536870912                                 {product} {ergonomic}
   size_t MarkStackSize                            = 4194304                                   {product} {ergonomic}
   size_t MaxHeapSize                              = 8573157376                                {product} {ergonomic}
   size_t MaxNewSize                               = 5142216704                                {product} {ergonomic}
   size_t MinHeapDeltaBytes                        = 4194304                                   {product} {ergonomic}
   size_t MinHeapSize                              = 8388608                                   {product} {ergonomic}
    uintx NonNMethodCodeHeapSize                   = 5839372                                {pd product} {ergonomic}
    uintx NonProfiledCodeHeapSize                  = 122909434                              {pd product} {ergonomic}
    uintx ProfiledCodeHeapSize                     = 122909434                              {pd product} {ergonomic}
    uintx ReservedCodeCacheSize                    = 251658240                              {pd product} {ergonomic}
     bool SegmentedCodeCache                       = true                                      {product} {ergonomic}
   size_t SoftMaxHeapSize                          = 8573157376                             {manageable} {ergonomic}
     bool UseCompressedClassPointers               = true                           {product lp64_product} {ergonomic}
     bool UseCompressedOops                        = true                           {product lp64_product} {ergonomic}
     bool UseG1GC                                  = true                                      {product} {ergonomic}
     bool UseLargePagesIndividualAllocation        = false                                  {pd product} {ergonomic}

Logging:
Log output configuration:
 #0: stdout all=warning uptime,level,tags
 #1: stderr all=off uptime,level,tags

Environment Variables:
JAVA_HOME=C:\Program Files\Java\jdk-17
PATH=C:\Program Files\Common Files\Oracle\Java\javapath;C:\Program Files (x86)\Common Files\Oracle\Java\javapath;C:\Windows\system32;C:\Windows;C:\Windows\System32\Wbem;C:\Windows\System32\WindowsPowerShell\v1.0\;C:\Windows\System32\OpenSSH\;C:\Program Files\Microsoft SQL Server\150\Tools\Binn\;C:\Program Files\Microsoft SQL Server\Client SDK\ODBC\170\Tools\Binn\;C:\Program Files\dotnet\;C:\Program Files (x86)\Windows Kits\10\Windows Performance Toolkit\;C:\Program Files\Java\jdk-17\bin;C:\Program Files\Git\cmd;C:\Program Files\MySQL\MySQL Shell 8.0\bin\;C:\Users\Dmitry\AppData\Local\Microsoft\WindowsApps;C:\Users\Dmitry\AppData\Local\GitHubDesktop\bin;C:\Users\Dmitry\.dotnet\tools;C:\Users\Dmitry\AppData\Local\Programs\Microsoft VS Code\bin
USERNAME=Dmitry
OS=Windows_NT
PROCESSOR_IDENTIFIER=AMD64 Family 23 Model 8 Stepping 2, AuthenticAMD



---------------  S Y S T E M  ---------------

OS:
 Windows 10 , 64 bit Build 19041 (10.0.19041.3570)
OS uptime: 1 days 3:45 hours

CPU: total 12 (initial active 12) (12 cores per cpu, 2 threads per core) family 23 model 8 stepping 2 microcode 0x0, cx8, cmov, fxsr, ht, mmx, 3dnowpref, sse, sse2, sse3, ssse3, sse4a, sse4.1, sse4.2, popcnt, lzcnt, tsc, tscinvbit, avx, avx2, aes, clmul, bmi1, bmi2, adx, sha, fma, vzeroupper, clflush, clflushopt

Memory: 4k page, system-wide physical 32699M (20563M free)
TotalPageFile size 37563M (AvailPageFile size 18731M)
current process WorkingSet (physical memory assigned to process): 101M, peak: 101M
current process commit charge ("private bytes"): 666M, peak: 666M

vm_info: Java HotSpot(TM) 64-Bit Server VM (17.0.10+11-LTS-240) for windows-amd64 JRE (17.0.10+11-LTS-240), built on Dec 19 2023 21:47:25 by "mach5one" with MS VC++ 17.1 (VS2022)

END.
